<?xml version="1.0" encoding="UTF-8"?>
<testng-results skipped="0" failed="0" total="1" passed="1">
  <reporter-output>
  </reporter-output>
  <suite name="AntJenkinsTestSuite" duration-ms="36669" started-at="2016-04-07T19:33:14Z" finished-at="2016-04-07T19:33:51Z">
    <groups>
    </groups>
    <test name="MyTests" duration-ms="36669" started-at="2016-04-07T19:33:14Z" finished-at="2016-04-07T19:33:51Z">
      <class name="myPackage.SmokeTest">
        <test-method status="PASS" signature="loginTest()[pri:0, instance:myPackage.SmokeTest@3cb5cdba]" name="loginTest" duration-ms="36632" started-at="2016-04-07T14:33:14Z" finished-at="2016-04-07T14:33:51Z">
          <reporter-output>
          </reporter-output>
        </test-method> <!-- loginTest -->
      </class> <!-- myPackage.SmokeTest -->
    </test> <!-- MyTests -->
  </suite> <!-- AntJenkinsTestSuite -->
</testng-results>
